<?xml version="1.0" encoding="UTF-8"?>
<!-- Generated by org.testng.reporters.JUnitReportReporter -->
<testsuite hostname="DESKTOP-PFKL46D" failures="0" tests="2" name="tests.RegisterF" time="24.535" errors="0" timestamp="2025-02-16T15:22:01 IST" skipped="0">
  <testcase classname="tests.RegisterF" name="verifyRegisteringanAccountbyProvidingOnlytheMandatoryFields" time="14.596"/>
  <testcase classname="tests.RegisterF" name="verifyRegisteringanAccountbyProvidingalltheFields" time="9.939"/>
</testsuite> <!-- tests.RegisterF -->
