<?xml version="1.0" encoding="UTF-8"?>
<!-- Generated by org.testng.reporters.JUnitReportReporter -->
<testsuite hostname="DESKTOP-PFKL46D" failures="0" tests="2" name="tests.RegisterFTest" time="12.142" errors="0" timestamp="2025-02-16T16:14:52 IST" skipped="0">
  <testcase classname="tests.RegisterFTest" name="verifyRegisteringanAccountbyProvidingOnlytheMandatoryFields" time="6.494"/>
  <testcase classname="tests.RegisterFTest" name="verifyRegisteringanAccountbyProvidingalltheFields" time="5.648"/>
</testsuite> <!-- tests.RegisterFTest -->
